<?xml version="1.0" encoding="UTF-8"?>
<testng-results skipped="0" failed="0" ignored="0" total="1" passed="1">
  <reporter-output>
  </reporter-output>
  <suite name="Default suite" duration-ms="987" started-at="2022-12-26T12:08:29 IST" finished-at="2022-12-26T12:08:30 IST">
    <groups>
    </groups>
    <test name="Default test" duration-ms="987" started-at="2022-12-26T12:08:29 IST" finished-at="2022-12-26T12:08:30 IST">
      <class name="extentreport.LearnExtentReport">
        <test-method status="PASS" signature="reportdata()[pri:0, instance:extentreport.LearnExtentReport@7e0e6aa2]" name="reportdata" duration-ms="909" started-at="2022-12-26T12:08:29 IST" finished-at="2022-12-26T12:08:30 IST">
          <reporter-output>
          </reporter-output>
        </test-method> <!-- reportdata -->
      </class> <!-- extentreport.LearnExtentReport -->
    </test> <!-- Default test -->
  </suite> <!-- Default suite -->
</testng-results>
