<?xml version="1.0" encoding="UTF-8"?>
<testng-results skipped="0" failed="1" ignored="0" total="1" passed="0">
  <reporter-output>
  </reporter-output>
  <suite name="Default suite" duration-ms="17951" started-at="2022-12-27T11:59:35 IST" finished-at="2022-12-27T11:59:53 IST">
    <groups>
      <group name="cucumber">
        <method signature="AbstractTestNGCucumberTests.runScenario(io.cucumber.testng.PickleWrapper,io.cucumber.testng.FeatureWrapper)[pri:0, instance:runner.Login@5e57643e]" name="runScenario" class="io.cucumber.testng.AbstractTestNGCucumberTests"/>
      </group> <!-- cucumber -->
    </groups>
    <test name="Default test" duration-ms="17951" started-at="2022-12-27T11:59:35 IST" finished-at="2022-12-27T11:59:53 IST">
      <class name="runner.Login">
        <test-method status="PASS" signature="startReport()[pri:0, instance:runner.Login@5e57643e]" name="startReport" is-config="true" duration-ms="449" started-at="2022-12-27T11:59:35 IST" finished-at="2022-12-27T11:59:35 IST">
          <reporter-output>
          </reporter-output>
        </test-method> <!-- startReport -->
        <test-method status="PASS" signature="setData()[pri:0, instance:runner.Login@5e57643e]" name="setData" is-config="true" duration-ms="1" started-at="2022-12-27T11:59:35 IST" finished-at="2022-12-27T11:59:35 IST">
          <reporter-output>
          </reporter-output>
        </test-method> <!-- setData -->
        <test-method status="PASS" signature="setUpClass(org.testng.ITestContext)[pri:0, instance:runner.Login@5e57643e]" name="setUpClass" is-config="true" duration-ms="251" started-at="2022-12-27T11:59:35 IST" finished-at="2022-12-27T11:59:35 IST">
          <params>
            <param index="0">
              <value>
                <![CDATA[org.testng.TestRunner@10fbbdb]]>
              </value>
            </param>
          </params>
          <reporter-output>
          </reporter-output>
        </test-method> <!-- setUpClass -->
        <test-method status="PASS" signature="testcaseDetils()[pri:0, instance:runner.Login@5e57643e]" name="testcaseDetils" is-config="true" duration-ms="10" started-at="2022-12-27T11:59:35 IST" finished-at="2022-12-27T11:59:35 IST">
          <reporter-output>
          </reporter-output>
        </test-method> <!-- testcaseDetils -->
        <test-method status="PASS" signature="precondition()[pri:0, instance:runner.Login@5e57643e]" name="precondition" is-config="true" duration-ms="6495" started-at="2022-12-27T11:59:35 IST" finished-at="2022-12-27T11:59:42 IST">
          <reporter-output>
          </reporter-output>
        </test-method> <!-- precondition -->
        <test-method status="FAIL" signature="rundata()[pri:0, instance:runner.Login@5e57643e]" name="rundata" duration-ms="10803" started-at="2022-12-27T11:59:42 IST" finished-at="2022-12-27T11:59:53 IST">
          <exception class="java.lang.RuntimeException">
            <message>
              <![CDATA[see the report for details]]>
            </message>
            <full-stacktrace>
              <![CDATA[java.lang.RuntimeException: see the report for details
at baseclass.BaseClass.reportStep(BaseClass.java:77)
at pages.Loginpage.clickonLoginbutton(Loginpage.java:48)
at runner.Login.rundata(Login.java:27)
at sun.reflect.NativeMethodAccessorImpl.invoke0(Native Method)
at sun.reflect.NativeMethodAccessorImpl.invoke(NativeMethodAccessorImpl.java:62)
at sun.reflect.DelegatingMethodAccessorImpl.invoke(DelegatingMethodAccessorImpl.java:43)
at java.lang.reflect.Method.invoke(Method.java:498)
at org.testng.internal.MethodInvocationHelper.invokeMethod(MethodInvocationHelper.java:133)
at org.testng.internal.TestInvoker.invokeMethod(TestInvoker.java:598)
at org.testng.internal.TestInvoker.invokeTestMethod(TestInvoker.java:173)
at org.testng.internal.MethodRunner.runInSequence(MethodRunner.java:46)
at org.testng.internal.TestInvoker$MethodInvocationAgent.invoke(TestInvoker.java:824)
at org.testng.internal.TestInvoker.invokeTestMethods(TestInvoker.java:146)
at org.testng.internal.TestMethodWorker.invokeTestMethods(TestMethodWorker.java:146)
at org.testng.internal.TestMethodWorker.run(TestMethodWorker.java:128)
at java.util.ArrayList.forEach(ArrayList.java:1259)
at org.testng.TestRunner.privateRun(TestRunner.java:794)
at org.testng.TestRunner.run(TestRunner.java:596)
at org.testng.SuiteRunner.runTest(SuiteRunner.java:377)
at org.testng.SuiteRunner.runSequentially(SuiteRunner.java:371)
at org.testng.SuiteRunner.privateRun(SuiteRunner.java:332)
at org.testng.SuiteRunner.run(SuiteRunner.java:276)
at org.testng.SuiteRunnerWorker.runSuite(SuiteRunnerWorker.java:53)
at org.testng.SuiteRunnerWorker.run(SuiteRunnerWorker.java:96)
at org.testng.TestNG.runSuitesSequentially(TestNG.java:1212)
at org.testng.TestNG.runSuitesLocally(TestNG.java:1134)
at org.testng.TestNG.runSuites(TestNG.java:1063)
at org.testng.TestNG.run(TestNG.java:1031)
at org.testng.remote.AbstractRemoteTestNG.run(AbstractRemoteTestNG.java:115)
at org.testng.remote.RemoteTestNG.initAndRun(RemoteTestNG.java:251)
at org.testng.remote.RemoteTestNG.main(RemoteTestNG.java:77)
]]>
            </full-stacktrace>
          </exception> <!-- java.lang.RuntimeException -->
          <reporter-output>
          </reporter-output>
        </test-method> <!-- rundata -->
        <test-method status="PASS" signature="postcondition()[pri:0, instance:runner.Login@5e57643e]" name="postcondition" is-config="true" duration-ms="313" started-at="2022-12-27T11:59:53 IST" finished-at="2022-12-27T11:59:53 IST">
          <reporter-output>
          </reporter-output>
        </test-method> <!-- postcondition -->
        <test-method status="PASS" signature="tearDownClass()[pri:0, instance:runner.Login@5e57643e]" name="tearDownClass" is-config="true" duration-ms="16" started-at="2022-12-27T11:59:53 IST" finished-at="2022-12-27T11:59:53 IST">
          <reporter-output>
          </reporter-output>
        </test-method> <!-- tearDownClass -->
        <test-method status="PASS" signature="stopReport()[pri:0, instance:runner.Login@5e57643e]" name="stopReport" is-config="true" duration-ms="445" started-at="2022-12-27T11:59:53 IST" finished-at="2022-12-27T11:59:53 IST">
          <reporter-output>
          </reporter-output>
        </test-method> <!-- stopReport -->
      </class> <!-- runner.Login -->
    </test> <!-- Default test -->
  </suite> <!-- Default suite -->
</testng-results>
